0 info it worked if it ends with ok
1 verbose cli [ '/usr/bin/node', '/usr/bin/npm', 'install', 'fibres' ]
2 info using npm@1.4.3
3 info using node@v0.10.26
4 verbose node symlink /usr/bin/node
5 verbose cache add [ 'fibres', null ]
6 verbose cache add name=undefined spec="fibres" args=["fibres",null]
7 verbose parsed url { protocol: null,
7 verbose parsed url   slashes: null,
7 verbose parsed url   auth: null,
7 verbose parsed url   host: null,
7 verbose parsed url   port: null,
7 verbose parsed url   hostname: null,
7 verbose parsed url   hash: null,
7 verbose parsed url   search: null,
7 verbose parsed url   query: null,
7 verbose parsed url   pathname: 'fibres',
7 verbose parsed url   path: 'fibres',
7 verbose parsed url   href: 'fibres' }
8 silly lockFile c8e38074-fibres fibres
9 verbose lock fibres /home/travis/.npm/c8e38074-fibres.lock
10 silly lockFile c8e38074-fibres fibres
11 silly lockFile c8e38074-fibres fibres
12 verbose addNamed [ 'fibres', '' ]
13 verbose addNamed [ null, '*' ]
14 silly lockFile 7fbd2529-fibres fibres@
15 verbose lock fibres@ /home/travis/.npm/7fbd2529-fibres.lock
16 silly addNameRange { name: 'fibres', range: '*', hasData: false }
17 verbose url raw fibres
18 verbose url resolving [ 'https://registry.npmjs.org/', './fibres' ]
19 verbose url resolved https://registry.npmjs.org/fibres
20 info trying registry request attempt 1 at 13:31:49
21 http GET https://registry.npmjs.org/fibres
22 http 404 https://registry.npmjs.org/fibres
23 silly registry.get cb [ 404,
23 silly registry.get   { date: 'Sat, 29 Mar 2014 18:31:50 GMT',
23 silly registry.get     server: 'CouchDB/1.5.0 (Erlang OTP/R14B04)',
23 silly registry.get     'content-type': 'application/json',
23 silly registry.get     via: '1.1 varnish',
23 silly registry.get     'cache-control': 'max-age=0',
23 silly registry.get     'content-length': '52',
23 silly registry.get     'accept-ranges': 'bytes',
23 silly registry.get     age: '0',
23 silly registry.get     'x-served-by': 'cache-v36-ASH, cache-d96-DAL',
23 silly registry.get     'x-cache': 'MISS, MISS',
23 silly registry.get     'x-cache-hits': '0, 0',
23 silly registry.get     'x-timer': 'S1396117909.987978220,VS0,VS18,VE27,VE43',
23 silly registry.get     'keep-alive': 'timeout=10, max=50',
23 silly registry.get     connection: 'Keep-Alive' } ]
24 silly lockFile 7fbd2529-fibres fibres@
25 silly lockFile 7fbd2529-fibres fibres@
26 error 404 'fibres' is not in the npm registry.
26 error 404 You should bug the author to publish it
26 error 404
26 error 404 Note that you can also install from a
26 error 404 tarball, folder, or http url, or git url.
27 error System Linux 3.5.0-47-generic
28 error command "/usr/bin/node" "/usr/bin/npm" "install" "fibres"
29 error cwd /home/travis/globalgarden/server
30 error node -v v0.10.26
31 error npm -v 1.4.3
32 error code E404
33 verbose exit [ 1, true ]
